{"/home/kentlouisetonino/Documents/personal/projects/backend-nodejs-timestamp/src/app.ts": {"path":"/home/kentlouisetonino/Documents/personal/projects/backend-nodejs-timestamp/src/app.ts","statementMap":{"0":{"start":{"line":1,"column":0},"end":{"line":1,"column":24}},"1":{"start":{"line":2,"column":0},"end":{"line":2,"column":30}},"2":{"start":{"line":3,"column":0},"end":{"line":3,"column":28}},"3":{"start":{"line":4,"column":0},"end":{"line":4,"column":45}},"4":{"start":{"line":5,"column":0},"end":{"line":5,"column":55}},"5":{"start":{"line":7,"column":12},"end":{"line":7,"column":21}},"6":{"start":{"line":10,"column":0},"end":{"line":10,"column":24}},"7":{"start":{"line":11,"column":0},"end":{"line":11,"column":45}},"8":{"start":{"line":12,"column":0},"end":{"line":12,"column":34}},"9":{"start":{"line":15,"column":0},"end":{"line":15,"column":25}},"10":{"start":{"line":16,"column":0},"end":{"line":16,"column":33}},"11":{"start":{"line":18,"column":0},"end":{"line":18,"column":19}}},"fnMap":{},"branchMap":{},"s":{"0":1,"1":1,"2":1,"3":1,"4":1,"5":1,"6":1,"7":1,"8":1,"9":1,"10":1,"11":1},"f":{},"b":{}}
,"/home/kentlouisetonino/Documents/personal/projects/backend-nodejs-timestamp/src/server.ts": {"path":"/home/kentlouisetonino/Documents/personal/projects/backend-nodejs-timestamp/src/server.ts","statementMap":{"0":{"start":{"line":1,"column":0},"end":{"line":1,"column":27}},"1":{"start":{"line":2,"column":0},"end":{"line":2,"column":24}},"2":{"start":{"line":4,"column":13},"end":{"line":4,"column":29}},"3":{"start":{"line":7,"column":0},"end":{"line":9,"column":3}},"4":{"start":{"line":8,"column":2},"end":{"line":8,"column":50}}},"fnMap":{"0":{"name":"(anonymous_1)","decl":{"start":{"line":7,"column":17},"end":{"line":7,"column":null}},"loc":{"start":{"line":7,"column":17},"end":{"line":9,"column":1}}}},"branchMap":{},"s":{"0":0,"1":0,"2":0,"3":0,"4":0},"f":{"0":0},"b":{}}
,"/home/kentlouisetonino/Documents/personal/projects/backend-nodejs-timestamp/src/controller/HomeController.ts": {"path":"/home/kentlouisetonino/Documents/personal/projects/backend-nodejs-timestamp/src/controller/HomeController.ts","statementMap":{"0":{"start":{"line":3,"column":30},"end":{"line":5,"column":2}},"1":{"start":{"line":3,"column":66},"end":{"line":5,"column":2}},"2":{"start":{"line":4,"column":2},"end":{"line":4,"column":36}},"3":{"start":{"line":3,"column":13},"end":{"line":3,"column":30}}},"fnMap":{"0":{"name":"(anonymous_7)","decl":{"start":{"line":3,"column":30},"end":{"line":3,"column":37}},"loc":{"start":{"line":3,"column":66},"end":{"line":5,"column":2}}},"1":{"name":"(anonymous_8)","decl":{"start":{"line":3,"column":66},"end":{"line":3,"column":null}},"loc":{"start":{"line":3,"column":66},"end":{"line":5,"column":1}}}},"branchMap":{},"s":{"0":1,"1":0,"2":0,"3":1},"f":{"0":0,"1":0},"b":{}}
,"/home/kentlouisetonino/Documents/personal/projects/backend-nodejs-timestamp/src/controller/TimestampController.ts": {"path":"/home/kentlouisetonino/Documents/personal/projects/backend-nodejs-timestamp/src/controller/TimestampController.ts","statementMap":{"0":{"start":{"line":3,"column":35},"end":{"line":45,"column":2}},"1":{"start":{"line":3,"column":73},"end":{"line":45,"column":2}},"2":{"start":{"line":4,"column":25},"end":{"line":4,"column":45}},"3":{"start":{"line":5,"column":20},"end":{"line":5,"column":46}},"4":{"start":{"line":10,"column":2},"end":{"line":14,"column":null}},"5":{"start":{"line":11,"column":4},"end":{"line":13,"column":7}},"6":{"start":{"line":19,"column":2},"end":{"line":26,"column":null}},"7":{"start":{"line":20,"column":17},"end":{"line":20,"column":49}},"8":{"start":{"line":22,"column":4},"end":{"line":25,"column":7}},"9":{"start":{"line":29,"column":2},"end":{"line":36,"column":null}},"10":{"start":{"line":30,"column":22},"end":{"line":30,"column":32}},"11":{"start":{"line":32,"column":4},"end":{"line":35,"column":7}},"12":{"start":{"line":39,"column":15},"end":{"line":39,"column":39}},"13":{"start":{"line":41,"column":2},"end":{"line":44,"column":5}},"14":{"start":{"line":3,"column":13},"end":{"line":3,"column":35}}},"fnMap":{"0":{"name":"(anonymous_7)","decl":{"start":{"line":3,"column":35},"end":{"line":3,"column":42}},"loc":{"start":{"line":3,"column":73},"end":{"line":45,"column":2}}},"1":{"name":"(anonymous_8)","decl":{"start":{"line":3,"column":73},"end":{"line":3,"column":null}},"loc":{"start":{"line":3,"column":73},"end":{"line":45,"column":1}}}},"branchMap":{"0":{"loc":{"start":{"line":10,"column":2},"end":{"line":14,"column":null}},"type":"if","locations":[{"start":{"line":10,"column":2},"end":{"line":14,"column":null}}]},"1":{"loc":{"start":{"line":10,"column":6},"end":{"line":10,"column":61}},"type":"binary-expr","locations":[{"start":{"line":10,"column":6},"end":{"line":10,"column":20}},{"start":{"line":10,"column":24},"end":{"line":10,"column":34}},{"start":{"line":10,"column":38},"end":{"line":10,"column":61}}]},"2":{"loc":{"start":{"line":19,"column":2},"end":{"line":26,"column":null}},"type":"if","locations":[{"start":{"line":19,"column":2},"end":{"line":26,"column":null}}]},"3":{"loc":{"start":{"line":19,"column":6},"end":{"line":19,"column":60}},"type":"binary-expr","locations":[{"start":{"line":19,"column":6},"end":{"line":19,"column":20}},{"start":{"line":19,"column":24},"end":{"line":19,"column":34}},{"start":{"line":19,"column":38},"end":{"line":19,"column":60}}]},"4":{"loc":{"start":{"line":29,"column":2},"end":{"line":36,"column":null}},"type":"if","locations":[{"start":{"line":29,"column":2},"end":{"line":36,"column":null}}]}},"s":{"0":1,"1":0,"2":0,"3":0,"4":0,"5":0,"6":0,"7":0,"8":0,"9":0,"10":0,"11":0,"12":0,"13":0,"14":1},"f":{"0":0,"1":0},"b":{"0":[0],"1":[0,0,0],"2":[0],"3":[0,0,0],"4":[0]}}
,"/home/kentlouisetonino/Documents/personal/projects/backend-nodejs-timestamp/src/router/HomeRouter.ts": {"path":"/home/kentlouisetonino/Documents/personal/projects/backend-nodejs-timestamp/src/router/HomeRouter.ts","statementMap":{"0":{"start":{"line":1,"column":0},"end":{"line":1,"column":30}},"1":{"start":{"line":2,"column":0},"end":{"line":2,"column":62}},"2":{"start":{"line":4,"column":15},"end":{"line":4,"column":31}},"3":{"start":{"line":6,"column":0},"end":{"line":6,"column":32}},"4":{"start":{"line":8,"column":0},"end":{"line":8,"column":22}}},"fnMap":{},"branchMap":{},"s":{"0":1,"1":1,"2":1,"3":1,"4":1},"f":{},"b":{}}
,"/home/kentlouisetonino/Documents/personal/projects/backend-nodejs-timestamp/src/router/TimestampRouter.ts": {"path":"/home/kentlouisetonino/Documents/personal/projects/backend-nodejs-timestamp/src/router/TimestampRouter.ts","statementMap":{"0":{"start":{"line":1,"column":0},"end":{"line":1,"column":30}},"1":{"start":{"line":2,"column":0},"end":{"line":2,"column":72}},"2":{"start":{"line":4,"column":15},"end":{"line":4,"column":31}},"3":{"start":{"line":6,"column":0},"end":{"line":6,"column":48}},"4":{"start":{"line":8,"column":0},"end":{"line":8,"column":22}}},"fnMap":{},"branchMap":{},"s":{"0":1,"1":1,"2":1,"3":1,"4":1},"f":{},"b":{}}
}
