TN:
SF:src/app.ts
FNF:0
FNH:0
DA:1,1
DA:2,1
DA:3,1
DA:4,1
DA:5,1
DA:7,1
DA:10,1
DA:11,1
DA:12,1
DA:15,1
DA:16,1
DA:18,1
LF:12
LH:12
BRF:0
BRH:0
end_of_record
TN:
SF:src/server.ts
FN:7,(anonymous_1)
FNF:1
FNH:0
FNDA:0,(anonymous_1)
DA:1,0
DA:2,0
DA:4,0
DA:7,0
DA:8,0
LF:5
LH:0
BRF:0
BRH:0
end_of_record
TN:
SF:src/controller/HomeController.ts
FN:3,(anonymous_7)
FN:3,(anonymous_8)
FNF:2
FNH:0
FNDA:0,(anonymous_7)
FNDA:0,(anonymous_8)
DA:3,1
DA:4,0
LF:2
LH:1
BRF:0
BRH:0
end_of_record
TN:
SF:src/controller/TimestampController.ts
FN:3,(anonymous_7)
FN:3,(anonymous_8)
FNF:2
FNH:0
FNDA:0,(anonymous_7)
FNDA:0,(anonymous_8)
DA:3,1
DA:4,0
DA:5,0
DA:10,0
DA:11,0
DA:19,0
DA:20,0
DA:22,0
DA:29,0
DA:30,0
DA:32,0
DA:39,0
DA:41,0
LF:13
LH:1
BRDA:10,0,0,0
BRDA:10,1,0,0
BRDA:10,1,1,0
BRDA:10,1,2,0
BRDA:19,2,0,0
BRDA:19,3,0,0
BRDA:19,3,1,0
BRDA:19,3,2,0
BRDA:29,4,0,0
BRF:9
BRH:0
end_of_record
TN:
SF:src/router/HomeRouter.ts
FNF:0
FNH:0
DA:1,1
DA:2,1
DA:4,1
DA:6,1
DA:8,1
LF:5
LH:5
BRF:0
BRH:0
end_of_record
TN:
SF:src/router/TimestampRouter.ts
FNF:0
FNH:0
DA:1,1
DA:2,1
DA:4,1
DA:6,1
DA:8,1
LF:5
LH:5
BRF:0
BRH:0
end_of_record
